[0.021s] Invoking command in '/home/zgc/learnRos2/zgc_ws/build/stage_controller': CMAKE_PREFIX_PATH=${CMAKE_PREFIX_PATH}:/opt/ros/foxy /usr/bin/cmake /home/zgc/learnRos2/zgc_ws/src/stage_controller -DCMAKE_INSTALL_PREFIX=/home/zgc/learnRos2/zgc_ws/install/stage_controller
[0.120s] -- The C compiler identification is GNU 9.4.0
[0.202s] -- The CXX compiler identification is GNU 9.4.0
[0.205s] -- Check for working C compiler: /usr/bin/cc
[0.247s] -- Check for working C compiler: /usr/bin/cc -- works
[0.249s] -- Detecting C compiler ABI info
[0.294s] -- Detecting C compiler ABI info - done
[0.302s] -- Detecting C compile features
[0.302s] -- Detecting C compile features - done
[0.304s] -- Check for working CXX compiler: /usr/bin/c++
[0.360s] -- Check for working CXX compiler: /usr/bin/c++ -- works
[0.360s] -- Detecting CXX compiler ABI info
[0.417s] -- Detecting CXX compiler ABI info - done
[0.425s] -- Detecting CXX compile features
[0.426s] -- Detecting CXX compile features - done
[0.427s] -- Found ament_cmake: 0.9.12 (/opt/ros/foxy/share/ament_cmake/cmake)
[0.444s] -- Found PythonInterp: /usr/bin/python3 (found suitable version "3.8.10", minimum required is "3") 
[0.444s] -- Using PYTHON_EXECUTABLE: /usr/bin/python3
[0.576s] -- Found rclcpp: 2.4.3 (/opt/ros/foxy/share/rclcpp/cmake)
[0.608s] -- Using all available rosidl_typesupport_c: rosidl_typesupport_fastrtps_c;rosidl_typesupport_introspection_c
[0.612s] -- Found rosidl_adapter: 1.3.1 (/opt/ros/foxy/share/rosidl_adapter/cmake)
[0.674s] -- Found OpenSSL: /usr/lib/x86_64-linux-gnu/libcrypto.so (found version "1.1.1f")  
[0.697s] -- Found FastRTPS: /opt/ros/foxy/include  
[0.759s] -- Using all available rosidl_typesupport_cpp: rosidl_typesupport_fastrtps_cpp;rosidl_typesupport_introspection_cpp
[0.796s] -- Found rmw_implementation_cmake: 1.0.4 (/opt/ros/foxy/share/rmw_implementation_cmake/cmake)
[0.798s] -- Using RMW implementation 'rmw_fastrtps_cpp' as default
[0.799s] -- Looking for pthread.h
[0.850s] -- Looking for pthread.h - found
[0.850s] -- Performing Test CMAKE_HAVE_LIBC_PTHREAD
[0.897s] -- Performing Test CMAKE_HAVE_LIBC_PTHREAD - Failed
[0.897s] -- Looking for pthread_create in pthreads
[0.934s] -- Looking for pthread_create in pthreads - not found
[0.934s] -- Looking for pthread_create in pthread
[0.977s] -- Looking for pthread_create in pthread - found
[0.977s] -- Found Threads: TRUE  
[1.156s] -- Found geometry_msgs: 2.0.5 (/opt/ros/foxy/share/geometry_msgs/cmake)
[1.194s] -- Found ament_lint_auto: 0.9.8 (/opt/ros/foxy/share/ament_lint_auto/cmake)
[1.307s] -- Added test 'copyright' to check source files copyright and LICENSE
[1.309s] -- Added test 'cppcheck' to perform static code analysis on C / C++ code
[1.309s] -- Configured cppcheck include dirs: 
[1.309s] -- Configured cppcheck exclude dirs and/or files: 
[1.311s] -- Added test 'cpplint' to check C / C++ code against the Google style
[1.311s] -- Configured cpplint exclude dirs and/or files: 
[1.312s] -- Added test 'lint_cmake' to check CMake code style
[1.314s] -- Added test 'uncrustify' to check C / C++ code style
[1.315s] -- Configured uncrustify additional arguments: 
[1.317s] -- Added test 'xmllint' to check XML markup files
[1.323s] -- Configuring done
[1.353s] -- Generating done
[1.360s] -- Build files have been written to: /home/zgc/learnRos2/zgc_ws/build/stage_controller
[1.376s] Invoked command in '/home/zgc/learnRos2/zgc_ws/build/stage_controller' returned '0': CMAKE_PREFIX_PATH=${CMAKE_PREFIX_PATH}:/opt/ros/foxy /usr/bin/cmake /home/zgc/learnRos2/zgc_ws/src/stage_controller -DCMAKE_INSTALL_PREFIX=/home/zgc/learnRos2/zgc_ws/install/stage_controller
[1.377s] Invoking command in '/home/zgc/learnRos2/zgc_ws/build/stage_controller': CMAKE_PREFIX_PATH=${CMAKE_PREFIX_PATH}:/opt/ros/foxy /usr/bin/cmake --build /home/zgc/learnRos2/zgc_ws/build/stage_controller -- -j24 -l24
[1.585s] [35m[1mScanning dependencies of target stage_controller[0m
[1.602s] [35m[1mScanning dependencies of target stage_throttle[0m
[2.077s] [ 25%] [32mBuilding CXX object CMakeFiles/stage_throttle.dir/src/stage_throttle.cpp.o[0m
[2.083s] [ 50%] [32mBuilding CXX object CMakeFiles/stage_controller.dir/src/stage_controller.cpp.o[0m
[6.905s] [ 75%] [32m[1mLinking CXX executable stage_controller[0m
[7.034s] [100%] [32m[1mLinking CXX executable stage_throttle[0m
[7.064s] [100%] Built target stage_controller
[7.186s] [100%] Built target stage_throttle
[7.195s] Invoked command in '/home/zgc/learnRos2/zgc_ws/build/stage_controller' returned '0': CMAKE_PREFIX_PATH=${CMAKE_PREFIX_PATH}:/opt/ros/foxy /usr/bin/cmake --build /home/zgc/learnRos2/zgc_ws/build/stage_controller -- -j24 -l24
[7.212s] Invoking command in '/home/zgc/learnRos2/zgc_ws/build/stage_controller': CMAKE_PREFIX_PATH=${CMAKE_PREFIX_PATH}:/opt/ros/foxy /usr/bin/cmake --install /home/zgc/learnRos2/zgc_ws/build/stage_controller
[7.217s] -- Install configuration: ""
[7.217s] -- Installing: /home/zgc/learnRos2/zgc_ws/install/stage_controller/lib/stage_controller/stage_controller
[7.218s] -- Set runtime path of "/home/zgc/learnRos2/zgc_ws/install/stage_controller/lib/stage_controller/stage_controller" to ""
[7.218s] -- Installing: /home/zgc/learnRos2/zgc_ws/install/stage_controller/lib/stage_controller/stage_throttle
[7.219s] -- Set runtime path of "/home/zgc/learnRos2/zgc_ws/install/stage_controller/lib/stage_controller/stage_throttle" to ""
[7.220s] -- Installing: /home/zgc/learnRos2/zgc_ws/install/stage_controller/share/ament_index/resource_index/package_run_dependencies/stage_controller
[7.220s] -- Installing: /home/zgc/learnRos2/zgc_ws/install/stage_controller/share/ament_index/resource_index/parent_prefix_path/stage_controller
[7.220s] -- Installing: /home/zgc/learnRos2/zgc_ws/install/stage_controller/share/stage_controller/environment/ament_prefix_path.sh
[7.220s] -- Installing: /home/zgc/learnRos2/zgc_ws/install/stage_controller/share/stage_controller/environment/ament_prefix_path.dsv
[7.220s] -- Installing: /home/zgc/learnRos2/zgc_ws/install/stage_controller/share/stage_controller/environment/path.sh
[7.220s] -- Installing: /home/zgc/learnRos2/zgc_ws/install/stage_controller/share/stage_controller/environment/path.dsv
[7.221s] -- Installing: /home/zgc/learnRos2/zgc_ws/install/stage_controller/share/stage_controller/local_setup.bash
[7.221s] -- Installing: /home/zgc/learnRos2/zgc_ws/install/stage_controller/share/stage_controller/local_setup.sh
[7.221s] -- Installing: /home/zgc/learnRos2/zgc_ws/install/stage_controller/share/stage_controller/local_setup.zsh
[7.221s] -- Installing: /home/zgc/learnRos2/zgc_ws/install/stage_controller/share/stage_controller/local_setup.dsv
[7.221s] -- Installing: /home/zgc/learnRos2/zgc_ws/install/stage_controller/share/stage_controller/package.dsv
[7.221s] -- Installing: /home/zgc/learnRos2/zgc_ws/install/stage_controller/share/ament_index/resource_index/packages/stage_controller
[7.221s] -- Installing: /home/zgc/learnRos2/zgc_ws/install/stage_controller/share/stage_controller/cmake/stage_controllerConfig.cmake
[7.221s] -- Installing: /home/zgc/learnRos2/zgc_ws/install/stage_controller/share/stage_controller/cmake/stage_controllerConfig-version.cmake
[7.221s] -- Installing: /home/zgc/learnRos2/zgc_ws/install/stage_controller/share/stage_controller/package.xml
[7.223s] Invoked command in '/home/zgc/learnRos2/zgc_ws/build/stage_controller' returned '0': CMAKE_PREFIX_PATH=${CMAKE_PREFIX_PATH}:/opt/ros/foxy /usr/bin/cmake --install /home/zgc/learnRos2/zgc_ws/build/stage_controller
