[0.009s] Invoking command in '/home/zgc/learnRos2/zgc_ws/build/stage_ros2': CMAKE_PREFIX_PATH=/home/zgc/learnRos2/zgc_ws/install/Stage:/home/zgc/learnRos2/zgc_ws/install/stage_ros2:/home/zgc/learnRos2/zgc_ws/install/stage_controller:/home/zgc/learnRos2/zgc_ws/install/simple_controller:/home/zgc/learnRos2/zgc_ws/install/cart_launch:/opt/ros/foxy LD_LIBRARY_PATH=/home/zgc/learnRos2/zgc_ws/install/Stage/lib:/home/zgc/learnRos2/zgc_ws/install/stage_ros2/lib:/opt/ros/foxy/opt/yaml_cpp_vendor/lib:/opt/ros/foxy/opt/rviz_ogre_vendor/lib:/opt/ros/foxy/lib/x86_64-linux-gnu:/opt/ros/foxy/lib /usr/bin/cmake /home/zgc/learnRos2/zgc_ws/src/stage_ros2 -DCMAKE_INSTALL_PREFIX=/home/zgc/learnRos2/zgc_ws/install/stage_ros2
[0.046s] -- The C compiler identification is GNU 9.4.0
[0.083s] -- The CXX compiler identification is GNU 9.4.0
[0.086s] -- Check for working C compiler: /usr/bin/cc
[0.131s] -- Check for working C compiler: /usr/bin/cc -- works
[0.131s] -- Detecting C compiler ABI info
[0.176s] -- Detecting C compiler ABI info - done
[0.184s] -- Detecting C compile features
[0.184s] -- Detecting C compile features - done
[0.186s] -- Check for working CXX compiler: /usr/bin/c++
[0.242s] -- Check for working CXX compiler: /usr/bin/c++ -- works
[0.243s] -- Detecting CXX compiler ABI info
[0.300s] -- Detecting CXX compiler ABI info - done
[0.309s] -- Detecting CXX compile features
[0.309s] -- Detecting CXX compile features - done
[0.311s] -- Found ament_cmake: 0.9.12 (/opt/ros/foxy/share/ament_cmake/cmake)
[0.332s] -- Found PythonInterp: /usr/bin/python3 (found suitable version "3.8.10", minimum required is "3") 
[0.332s] -- Using PYTHON_EXECUTABLE: /usr/bin/python3
[0.476s] -- Found rclcpp: 2.4.3 (/opt/ros/foxy/share/rclcpp/cmake)
[0.508s] -- Using all available rosidl_typesupport_c: rosidl_typesupport_fastrtps_c;rosidl_typesupport_introspection_c
[0.512s] -- Found rosidl_adapter: 1.3.1 (/opt/ros/foxy/share/rosidl_adapter/cmake)
[0.574s] -- Found OpenSSL: /usr/lib/x86_64-linux-gnu/libcrypto.so (found version "1.1.1f")  
[0.607s] -- Found FastRTPS: /opt/ros/foxy/include  
[0.682s] -- Using all available rosidl_typesupport_cpp: rosidl_typesupport_fastrtps_cpp;rosidl_typesupport_introspection_cpp
[0.723s] -- Found rmw_implementation_cmake: 1.0.4 (/opt/ros/foxy/share/rmw_implementation_cmake/cmake)
[0.724s] -- Using RMW implementation 'rmw_fastrtps_cpp' as default
[0.724s] -- Looking for pthread.h
[0.774s] -- Looking for pthread.h - found
[0.774s] -- Performing Test CMAKE_HAVE_LIBC_PTHREAD
[0.820s] -- Performing Test CMAKE_HAVE_LIBC_PTHREAD - Failed
[0.820s] -- Looking for pthread_create in pthreads
[0.858s] -- Looking for pthread_create in pthreads - not found
[0.858s] -- Looking for pthread_create in pthread
[0.902s] -- Looking for pthread_create in pthread - found
[0.902s] -- Found Threads: TRUE  
[1.007s] -- Found rclcpp_components: 2.4.3 (/opt/ros/foxy/share/rclcpp_components/cmake)
[1.052s] -- Found sensor_msgs: 2.0.5 (/opt/ros/foxy/share/sensor_msgs/cmake)
[1.133s] -- Found nav_msgs: 2.0.5 (/opt/ros/foxy/share/nav_msgs/cmake)
[1.182s] -- Found tf2_ros: 0.13.14 (/opt/ros/foxy/share/tf2_ros/cmake)
[1.384s] -- Found tf2_geometry_msgs: 0.13.14 (/opt/ros/foxy/share/tf2_geometry_msgs/cmake)
[1.390s] -- Found eigen3_cmake_module: 0.1.1 (/opt/ros/foxy/share/eigen3_cmake_module/cmake)
[1.393s] -- Found Eigen3: TRUE (found version "3.3.7") 
[1.410s] -- Found std_srvs: 2.0.5 (/opt/ros/foxy/share/std_srvs/cmake)
[1.422s] -- Found ament_lint_auto: 0.9.8 (/opt/ros/foxy/share/ament_lint_auto/cmake)
[1.527s] -- Added test 'cppcheck' to perform static code analysis on C / C++ code
[1.527s] -- Configured cppcheck include dirs: /home/zgc/learnRos2/zgc_ws/src/stage_ros2/./include;$<BUILD_INTERFACE:/home/zgc/learnRos2/zgc_ws/src/stage_ros2/include>
[1.527s] -- Configured cppcheck exclude dirs and/or files: 
[1.528s] -- Added test 'flake8' to check Python code syntax and style conventions
[1.530s] -- Added test 'lint_cmake' to check CMake code style
[1.530s] -- Added test 'pep257' to check Python code against some of the style conventions in PEP 257
[1.533s] -- Added test 'uncrustify' to check C / C++ code style
[1.533s] -- Configured uncrustify additional arguments: 
[1.534s] -- Added test 'xmllint' to check XML markup files
[1.536s] -- Configuring done
[1.549s] -- Generating done
[1.549s] -- Build files have been written to: /home/zgc/learnRos2/zgc_ws/build/stage_ros2
[1.557s] Invoked command in '/home/zgc/learnRos2/zgc_ws/build/stage_ros2' returned '0': CMAKE_PREFIX_PATH=/home/zgc/learnRos2/zgc_ws/install/Stage:/home/zgc/learnRos2/zgc_ws/install/stage_ros2:/home/zgc/learnRos2/zgc_ws/install/stage_controller:/home/zgc/learnRos2/zgc_ws/install/simple_controller:/home/zgc/learnRos2/zgc_ws/install/cart_launch:/opt/ros/foxy LD_LIBRARY_PATH=/home/zgc/learnRos2/zgc_ws/install/Stage/lib:/home/zgc/learnRos2/zgc_ws/install/stage_ros2/lib:/opt/ros/foxy/opt/yaml_cpp_vendor/lib:/opt/ros/foxy/opt/rviz_ogre_vendor/lib:/opt/ros/foxy/lib/x86_64-linux-gnu:/opt/ros/foxy/lib /usr/bin/cmake /home/zgc/learnRos2/zgc_ws/src/stage_ros2 -DCMAKE_INSTALL_PREFIX=/home/zgc/learnRos2/zgc_ws/install/stage_ros2
[1.559s] Invoking command in '/home/zgc/learnRos2/zgc_ws/build/stage_ros2': CMAKE_PREFIX_PATH=/home/zgc/learnRos2/zgc_ws/install/Stage:/home/zgc/learnRos2/zgc_ws/install/stage_ros2:/home/zgc/learnRos2/zgc_ws/install/stage_controller:/home/zgc/learnRos2/zgc_ws/install/simple_controller:/home/zgc/learnRos2/zgc_ws/install/cart_launch:/opt/ros/foxy LD_LIBRARY_PATH=/home/zgc/learnRos2/zgc_ws/install/Stage/lib:/home/zgc/learnRos2/zgc_ws/install/stage_ros2/lib:/opt/ros/foxy/opt/yaml_cpp_vendor/lib:/opt/ros/foxy/opt/rviz_ogre_vendor/lib:/opt/ros/foxy/lib/x86_64-linux-gnu:/opt/ros/foxy/lib /usr/bin/cmake --build /home/zgc/learnRos2/zgc_ws/build/stage_ros2 -- -j24 -l24
[1.585s] [35m[1mScanning dependencies of target stage_node[0m
[1.633s] [ 57%] [32mBuilding CXX object CMakeFiles/stage_node.dir/src/ranger.cpp.o[0m
[1.633s] [ 57%] [32mBuilding CXX object CMakeFiles/stage_node.dir/src/vehicle.cpp.o[0m
[1.633s] [ 57%] [32mBuilding CXX object CMakeFiles/stage_node.dir/src/camera.cpp.o[0m
[1.633s] [ 57%] [32mBuilding CXX object CMakeFiles/stage_node.dir/src/stage_node.cpp.o[0m
[6.139s] [ 71%] [32m[1mLinking CXX shared library libstage_node.so[0m
[6.444s] [ 71%] Built target stage_node
[6.450s] [35m[1mScanning dependencies of target stage_ros2[0m
[6.478s] [ 85%] [32mBuilding CXX object CMakeFiles/stage_ros2.dir/src/main.cpp.o[0m
[8.116s] [100%] [32m[1mLinking CXX executable stage_ros2[0m
[8.287s] [100%] Built target stage_ros2
[8.295s] Invoked command in '/home/zgc/learnRos2/zgc_ws/build/stage_ros2' returned '0': CMAKE_PREFIX_PATH=/home/zgc/learnRos2/zgc_ws/install/Stage:/home/zgc/learnRos2/zgc_ws/install/stage_ros2:/home/zgc/learnRos2/zgc_ws/install/stage_controller:/home/zgc/learnRos2/zgc_ws/install/simple_controller:/home/zgc/learnRos2/zgc_ws/install/cart_launch:/opt/ros/foxy LD_LIBRARY_PATH=/home/zgc/learnRos2/zgc_ws/install/Stage/lib:/home/zgc/learnRos2/zgc_ws/install/stage_ros2/lib:/opt/ros/foxy/opt/yaml_cpp_vendor/lib:/opt/ros/foxy/opt/rviz_ogre_vendor/lib:/opt/ros/foxy/lib/x86_64-linux-gnu:/opt/ros/foxy/lib /usr/bin/cmake --build /home/zgc/learnRos2/zgc_ws/build/stage_ros2 -- -j24 -l24
[8.318s] Invoking command in '/home/zgc/learnRos2/zgc_ws/build/stage_ros2': CMAKE_PREFIX_PATH=/home/zgc/learnRos2/zgc_ws/install/Stage:/home/zgc/learnRos2/zgc_ws/install/stage_ros2:/home/zgc/learnRos2/zgc_ws/install/stage_controller:/home/zgc/learnRos2/zgc_ws/install/simple_controller:/home/zgc/learnRos2/zgc_ws/install/cart_launch:/opt/ros/foxy LD_LIBRARY_PATH=/home/zgc/learnRos2/zgc_ws/install/Stage/lib:/home/zgc/learnRos2/zgc_ws/install/stage_ros2/lib:/opt/ros/foxy/opt/yaml_cpp_vendor/lib:/opt/ros/foxy/opt/rviz_ogre_vendor/lib:/opt/ros/foxy/lib/x86_64-linux-gnu:/opt/ros/foxy/lib /usr/bin/cmake --install /home/zgc/learnRos2/zgc_ws/build/stage_ros2
[8.323s] -- Install configuration: ""
[8.323s] -- Installing: /home/zgc/learnRos2/zgc_ws/install/stage_ros2/share/stage_ros2/environment/library_path.sh
[8.323s] -- Installing: /home/zgc/learnRos2/zgc_ws/install/stage_ros2/share/stage_ros2/environment/library_path.dsv
[8.323s] -- Installing: /home/zgc/learnRos2/zgc_ws/install/stage_ros2/share/stage_ros2//launch
[8.323s] -- Installing: /home/zgc/learnRos2/zgc_ws/install/stage_ros2/share/stage_ros2//launch/my_house.launch.py
[8.323s] -- Installing: /home/zgc/learnRos2/zgc_ws/install/stage_ros2/share/stage_ros2//launch/my_house_multi.launch.py
[8.323s] -- Installing: /home/zgc/learnRos2/zgc_ws/install/stage_ros2/share/stage_ros2//world
[8.323s] -- Installing: /home/zgc/learnRos2/zgc_ws/install/stage_ros2/share/stage_ros2//world/my_house.world
[8.324s] -- Installing: /home/zgc/learnRos2/zgc_ws/install/stage_ros2/share/stage_ros2//world/my_house_multi.world
[8.324s] -- Installing: /home/zgc/learnRos2/zgc_ws/install/stage_ros2/share/stage_ros2//world/maps
[8.324s] -- Installing: /home/zgc/learnRos2/zgc_ws/install/stage_ros2/share/stage_ros2//world/maps/uoa_robotics_lab.png
[8.324s] -- Installing: /home/zgc/learnRos2/zgc_ws/install/stage_ros2/share/stage_ros2//world/maps/hospital_section.png
[8.325s] -- Installing: /home/zgc/learnRos2/zgc_ws/install/stage_ros2/share/stage_ros2//world/maps/line.png
[8.325s] -- Installing: /home/zgc/learnRos2/zgc_ws/install/stage_ros2/share/stage_ros2//world/maps/my_house.jpg
[8.325s] -- Installing: /home/zgc/learnRos2/zgc_ws/install/stage_ros2/share/stage_ros2//world/maps/ghost.png
[8.325s] -- Installing: /home/zgc/learnRos2/zgc_ws/install/stage_ros2/share/stage_ros2//world/maps/frieburg.png
[8.326s] -- Installing: /home/zgc/learnRos2/zgc_ws/install/stage_ros2/share/stage_ros2//world/maps/cave.png
[8.326s] -- Installing: /home/zgc/learnRos2/zgc_ws/install/stage_ros2/share/stage_ros2//world/maps/space_invader.png
[8.326s] -- Installing: /home/zgc/learnRos2/zgc_ws/install/stage_ros2/share/stage_ros2//world/maps/human_outline.png
[8.326s] -- Installing: /home/zgc/learnRos2/zgc_ws/install/stage_ros2/share/stage_ros2//world/maps/simple_rooms.png
[8.327s] -- Installing: /home/zgc/learnRos2/zgc_ws/install/stage_ros2/share/stage_ros2//world/maps/autolab.png
[8.327s] -- Installing: /home/zgc/learnRos2/zgc_ws/install/stage_ros2/share/stage_ros2//world/robot
[8.327s] -- Installing: /home/zgc/learnRos2/zgc_ws/install/stage_ros2/share/stage_ros2//world/robot/camera.inc
[8.327s] -- Installing: /home/zgc/learnRos2/zgc_ws/install/stage_ros2/share/stage_ros2//world/robot/mycar.inc
[8.327s] -- Installing: /home/zgc/learnRos2/zgc_ws/install/stage_ros2/share/stage_ros2//world/robot/car_base.inc
[8.328s] -- Installing: /home/zgc/learnRos2/zgc_ws/install/stage_ros2/share/stage_ros2//world/robot/laser.inc
[8.328s] -- Installing: /home/zgc/learnRos2/zgc_ws/install/stage_ros2/share/stage_ros2//config
[8.328s] -- Installing: /home/zgc/learnRos2/zgc_ws/install/stage_ros2/share/stage_ros2//config/rviz
[8.328s] -- Installing: /home/zgc/learnRos2/zgc_ws/install/stage_ros2/share/stage_ros2//config/rviz/example.rviz
[8.329s] -- Installing: /home/zgc/learnRos2/zgc_ws/install/stage_ros2/lib/libstage_node.so
[8.332s] -- Set runtime path of "/home/zgc/learnRos2/zgc_ws/install/stage_ros2/lib/libstage_node.so" to ""
[8.332s] -- Installing: /home/zgc/learnRos2/zgc_ws/install/stage_ros2/lib/stage_ros2/stage_ros2
[8.333s] -- Set runtime path of "/home/zgc/learnRos2/zgc_ws/install/stage_ros2/lib/stage_ros2/stage_ros2" to ""
[8.333s] -- Installing: /home/zgc/learnRos2/zgc_ws/install/stage_ros2/share/ament_index/resource_index/package_run_dependencies/stage_ros2
[8.333s] -- Installing: /home/zgc/learnRos2/zgc_ws/install/stage_ros2/share/ament_index/resource_index/parent_prefix_path/stage_ros2
[8.333s] -- Installing: /home/zgc/learnRos2/zgc_ws/install/stage_ros2/share/stage_ros2/environment/ament_prefix_path.sh
[8.333s] -- Installing: /home/zgc/learnRos2/zgc_ws/install/stage_ros2/share/stage_ros2/environment/ament_prefix_path.dsv
[8.334s] -- Installing: /home/zgc/learnRos2/zgc_ws/install/stage_ros2/share/stage_ros2/environment/path.sh
[8.334s] -- Installing: /home/zgc/learnRos2/zgc_ws/install/stage_ros2/share/stage_ros2/environment/path.dsv
[8.334s] -- Installing: /home/zgc/learnRos2/zgc_ws/install/stage_ros2/share/stage_ros2/local_setup.bash
[8.334s] -- Installing: /home/zgc/learnRos2/zgc_ws/install/stage_ros2/share/stage_ros2/local_setup.sh
[8.334s] -- Installing: /home/zgc/learnRos2/zgc_ws/install/stage_ros2/share/stage_ros2/local_setup.zsh
[8.334s] -- Installing: /home/zgc/learnRos2/zgc_ws/install/stage_ros2/share/stage_ros2/local_setup.dsv
[8.334s] -- Installing: /home/zgc/learnRos2/zgc_ws/install/stage_ros2/share/stage_ros2/package.dsv
[8.334s] -- Installing: /home/zgc/learnRos2/zgc_ws/install/stage_ros2/share/ament_index/resource_index/packages/stage_ros2
[8.334s] -- Installing: /home/zgc/learnRos2/zgc_ws/install/stage_ros2/share/stage_ros2/cmake/stage_ros2Config.cmake
[8.334s] -- Installing: /home/zgc/learnRos2/zgc_ws/install/stage_ros2/share/stage_ros2/cmake/stage_ros2Config-version.cmake
[8.334s] -- Installing: /home/zgc/learnRos2/zgc_ws/install/stage_ros2/share/stage_ros2/package.xml
[8.336s] Invoked command in '/home/zgc/learnRos2/zgc_ws/build/stage_ros2' returned '0': CMAKE_PREFIX_PATH=/home/zgc/learnRos2/zgc_ws/install/Stage:/home/zgc/learnRos2/zgc_ws/install/stage_ros2:/home/zgc/learnRos2/zgc_ws/install/stage_controller:/home/zgc/learnRos2/zgc_ws/install/simple_controller:/home/zgc/learnRos2/zgc_ws/install/cart_launch:/opt/ros/foxy LD_LIBRARY_PATH=/home/zgc/learnRos2/zgc_ws/install/Stage/lib:/home/zgc/learnRos2/zgc_ws/install/stage_ros2/lib:/opt/ros/foxy/opt/yaml_cpp_vendor/lib:/opt/ros/foxy/opt/rviz_ogre_vendor/lib:/opt/ros/foxy/lib/x86_64-linux-gnu:/opt/ros/foxy/lib /usr/bin/cmake --install /home/zgc/learnRos2/zgc_ws/build/stage_ros2
